2024-06-22 15:55:47 0 [Note] Starting MariaDB 10.4.28-MariaDB source revision c8f2e9a5c0ac5905f28b050b7df5a9ffd914b7e7 as process 5432
2024-06-22 15:55:47 0 [Note] InnoDB: Mutexes and rw_locks use Windows interlocked functions
2024-06-22 15:55:47 0 [Note] InnoDB: Uses event mutexes
2024-06-22 15:55:47 0 [Note] InnoDB: Compressed tables use zlib 1.2.12
2024-06-22 15:55:47 0 [Note] InnoDB: Number of pools: 1
2024-06-22 15:55:47 0 [Note] InnoDB: Using SSE2 crc32 instructions
2024-06-22 15:55:47 0 [Note] InnoDB: Initializing buffer pool, total size = 16M, instances = 1, chunk size = 16M
2024-06-22 15:55:47 0 [Note] InnoDB: Completed initialization of buffer pool
2024-06-22 15:55:47 0 [Note] InnoDB: Starting crash recovery from checkpoint LSN=300288
2024-06-22 15:55:48 0 [Note] InnoDB: 128 out of 128 rollback segments are active.
2024-06-22 15:55:48 0 [Note] InnoDB: Removed temporary tablespace data file: "ibtmp1"
2024-06-22 15:55:48 0 [Note] InnoDB: Creating shared tablespace for temporary tables
2024-06-22 15:55:48 0 [Note] InnoDB: Setting file 'C:\xampp\mysql\data\ibtmp1' size to 12 MB. Physically writing the file full; Please wait ...
2024-06-22 15:55:48 0 [Note] InnoDB: File 'C:\xampp\mysql\data\ibtmp1' size is now 12 MB.
2024-06-22 15:55:48 0 [Note] InnoDB: Waiting for purge to start
2024-06-22 15:55:48 0 [Note] InnoDB: 10.4.28 started; log sequence number 300297; transaction id 170
2024-06-22 15:55:48 0 [Note] Plugin 'FEEDBACK' is disabled.
2024-06-22 15:55:48 0 [Note] InnoDB: Loading buffer pool(s) from C:\xampp\mysql\data\ib_buffer_pool
2024-06-22 15:55:48 0 [Note] InnoDB: Buffer pool(s) load completed at 240622 15:55:48
2024-06-22 15:55:48 0 [Note] Server socket created on IP: '::'.
2024-06-22 15:56:05 0 [Note] Starting MariaDB 10.4.28-MariaDB source revision c8f2e9a5c0ac5905f28b050b7df5a9ffd914b7e7 as process 11992
2024-06-22 15:56:05 0 [Note] InnoDB: Mutexes and rw_locks use Windows interlocked functions
2024-06-22 15:56:05 0 [Note] InnoDB: Uses event mutexes
2024-06-22 15:56:05 0 [Note] InnoDB: Compressed tables use zlib 1.2.12
2024-06-22 15:56:05 0 [Note] InnoDB: Number of pools: 1
2024-06-22 15:56:05 0 [Note] InnoDB: Using SSE2 crc32 instructions
2024-06-22 15:56:05 0 [Note] InnoDB: Initializing buffer pool, total size = 16M, instances = 1, chunk size = 16M
2024-06-22 15:56:05 0 [Note] InnoDB: Completed initialization of buffer pool
2024-06-22 15:56:05 0 [ERROR] InnoDB: Page [page id: space=0, page number=2] log sequence number 1147552 is in the future! Current system log sequence number 714699.
2024-06-22 15:56:05 0 [ERROR] InnoDB: Your database may be corrupt or you may have copied the InnoDB tablespace but not the InnoDB log files. Please refer to https://mariadb.com/kb/en/library/innodb-recovery-modes/ for information about forcing recovery.
2024-06-22 15:56:05 0 [ERROR] InnoDB: Page [page id: space=0, page number=275] log sequence number 1005323 is in the future! Current system log sequence number 714699.
2024-06-22 15:56:05 0 [ERROR] InnoDB: Your database may be corrupt or you may have copied the InnoDB tablespace but not the InnoDB log files. Please refer to https://mariadb.com/kb/en/library/innodb-recovery-modes/ for information about forcing recovery.
2024-06-22 15:56:05 0 [ERROR] InnoDB: Page [page id: space=0, page number=412] log sequence number 1005323 is in the future! Current system log sequence number 714699.
2024-06-22 15:56:05 0 [ERROR] InnoDB: Your database may be corrupt or you may have copied the InnoDB tablespace but not the InnoDB log files. Please refer to https://mariadb.com/kb/en/library/innodb-recovery-modes/ for information about forcing recovery.
2024-06-22 15:56:05 0 [ERROR] InnoDB: Page [page id: space=0, page number=276] log sequence number 1005367 is in the future! Current system log sequence number 714699.
2024-06-22 15:56:05 0 [ERROR] InnoDB: Your database may be corrupt or you may have copied the InnoDB tablespace but not the InnoDB log files. Please refer to https://mariadb.com/kb/en/library/innodb-recovery-modes/ for information about forcing recovery.
2024-06-22 15:56:05 0 [ERROR] InnoDB: Page [page id: space=0, page number=413] log sequence number 1005367 is in the future! Current system log sequence number 714699.
2024-06-22 15:56:05 0 [ERROR] InnoDB: Your database may be corrupt or you may have copied the InnoDB tablespace but not the InnoDB log files. Please refer to https://mariadb.com/kb/en/library/innodb-recovery-modes/ for information about forcing recovery.
2024-06-22 15:56:05 0 [ERROR] InnoDB: Page [page id: space=0, page number=277] log sequence number 1005411 is in the future! Current system log sequence number 714699.
2024-06-22 15:56:05 0 [ERROR] InnoDB: Your database may be corrupt or you may have copied the InnoDB tablespace but not the InnoDB log files. Please refer to https://mariadb.com/kb/en/library/innodb-recovery-modes/ for information about forcing recovery.
2024-06-22 15:56:05 0 [ERROR] InnoDB: Page [page id: space=0, page number=414] log sequence number 1005411 is in the future! Current system log sequence number 714699.
2024-06-22 15:56:05 0 [ERROR] InnoDB: Your database may be corrupt or you may have copied the InnoDB tablespace but not the InnoDB log files. Please refer to https://mariadb.com/kb/en/library/innodb-recovery-modes/ for information about forcing recovery.
2024-06-22 15:56:05 0 [ERROR] InnoDB: Page [page id: space=0, page number=278] log sequence number 1005455 is in the future! Current system log sequence number 714699.
2024-06-22 15:56:05 0 [ERROR] InnoDB: Your database may be corrupt or you may have copied the InnoDB tablespace but not the InnoDB log files. Please refer to https://mariadb.com/kb/en/library/innodb-recovery-modes/ for information about forcing recovery.
2024-06-22 15:56:05 0 [ERROR] InnoDB: Page [page id: space=0, page number=415] log sequence number 1005455 is in the future! Current system log sequence number 714699.
2024-06-22 15:56:05 0 [ERROR] InnoDB: Your database may be corrupt or you may have copied the InnoDB tablespace but not the InnoDB log files. Please refer to https://mariadb.com/kb/en/library/innodb-recovery-modes/ for information about forcing recovery.
2024-06-22 15:56:05 0 [ERROR] InnoDB: Page [page id: space=0, page number=279] log sequence number 1005499 is in the future! Current system log sequence number 714699.
2024-06-22 15:56:05 0 [ERROR] InnoDB: Your database may be corrupt or you may have copied the InnoDB tablespace but not the InnoDB log files. Please refer to https://mariadb.com/kb/en/library/innodb-recovery-modes/ for information about forcing recovery.
2024-06-22 15:56:05 0 [ERROR] InnoDB: Page [page id: space=0, page number=416] log sequence number 1005499 is in the future! Current system log sequence number 714699.
2024-06-22 15:56:05 0 [ERROR] InnoDB: Your database may be corrupt or you may have copied the InnoDB tablespace but not the InnoDB log files. Please refer to https://mariadb.com/kb/en/library/innodb-recovery-modes/ for information about forcing recovery.
2024-06-22 15:56:05 0 [ERROR] InnoDB: Page [page id: space=0, page number=280] log sequence number 1005543 is in the future! Current system log sequence number 714699.
2024-06-22 15:56:05 0 [ERROR] InnoDB: Your database may be corrupt or you may have copied the InnoDB tablespace but not the InnoDB log files. Please refer to https://mariadb.com/kb/en/library/innodb-recovery-modes/ for information about forcing recovery.
2024-06-22 15:56:05 0 [ERROR] InnoDB: Page [page id: space=0, page number=417] log sequence number 1005543 is in the future! Current system log sequence number 714699.
2024-06-22 15:56:05 0 [ERROR] InnoDB: Your database may be corrupt or you may have copied the InnoDB tablespace but not the InnoDB log files. Please refer to https://mariadb.com/kb/en/library/innodb-recovery-modes/ for information about forcing recovery.
2024-06-22 15:56:05 0 [ERROR] InnoDB: Page [page id: space=0, page number=281] log sequence number 1005603 is in the future! Current system log sequence number 714699.
2024-06-22 15:56:05 0 [ERROR] InnoDB: Your database may be corrupt or you may have copied the InnoDB tablespace but not the InnoDB log files. Please refer to https://mariadb.com/kb/en/library/innodb-recovery-modes/ for information about forcing recovery.
2024-06-22 15:56:05 0 [ERROR] InnoDB: Page [page id: space=0, page number=418] log sequence number 1005603 is in the future! Current system log sequence number 714699.
2024-06-22 15:56:05 0 [ERROR] InnoDB: Your database may be corrupt or you may have copied the InnoDB tablespace but not the InnoDB log files. Please refer to https://mariadb.com/kb/en/library/innodb-recovery-modes/ for information about forcing recovery.
2024-06-22 15:56:05 0 [ERROR] InnoDB: Page [page id: space=0, page number=282] log sequence number 1005647 is in the future! Current system log sequence number 714699.
2024-06-22 15:56:05 0 [ERROR] InnoDB: Your database may be corrupt or you may have copied the InnoDB tablespace but not the InnoDB log files. Please refer to https://mariadb.com/kb/en/library/innodb-recovery-modes/ for information about forcing recovery.
2024-06-22 15:56:05 0 [ERROR] InnoDB: Page [page id: space=0, page number=419] log sequence number 1005647 is in the future! Current system log sequence number 714699.
2024-06-22 15:56:05 0 [ERROR] InnoDB: Your database may be corrupt or you may have copied the InnoDB tablespace but not the InnoDB log files. Please refer to https://mariadb.com/kb/en/library/innodb-recovery-modes/ for information about forcing recovery.
2024-06-22 15:56:05 0 [ERROR] InnoDB: Operating system error number 3 in a file operation.
2024-06-22 15:56:05 0 [ERROR] InnoDB: The error means the system cannot find the path specified.
2024-06-22 15:56:05 0 [ERROR] InnoDB: If you are installing InnoDB, remember that you must create directories yourself, InnoDB does not create them.
2024-06-22 15:56:05 0 [ERROR] InnoDB: Cannot open datafile for read-only: '.\abla\awe.ibd' OS error: 203
2024-06-22 15:56:05 0 [ERROR] InnoDB: Operating system error number 203 in a file operation.
2024-06-22 15:56:05 0 [Note] InnoDB: Some operating system error numbers are described at https://mariadb.com/kb/en/library/operating-system-error-codes/
2024-06-22 15:56:05 0 [ERROR] InnoDB: Could not find a valid tablespace file for ``abla`.`awe``. Please refer to https://mariadb.com/kb/en/innodb-data-dictionary-troubleshooting/ for how to resolve the issue.
2024-06-22 15:56:05 0 [Warning] InnoDB: Ignoring tablespace for `abla`.`awe` because it could not be opened.
2024-06-22 15:56:05 0 [ERROR] InnoDB: Operating system error number 3 in a file operation.
2024-06-22 15:56:05 0 [ERROR] InnoDB: The error means the system cannot find the path specified.
2024-06-22 15:56:05 0 [ERROR] InnoDB: If you are installing InnoDB, remember that you must create directories yourself, InnoDB does not create them.
2024-06-22 15:56:05 0 [ERROR] InnoDB: Cannot open datafile for read-only: '.\mundo\hello.ibd' OS error: 203
2024-06-22 15:56:05 0 [ERROR] InnoDB: Operating system error number 203 in a file operation.
2024-06-22 15:56:05 0 [Note] InnoDB: Some operating system error numbers are described at https://mariadb.com/kb/en/library/operating-system-error-codes/
2024-06-22 15:56:05 0 [ERROR] InnoDB: Could not find a valid tablespace file for ``mundo`.`hello``. Please refer to https://mariadb.com/kb/en/innodb-data-dictionary-troubleshooting/ for how to resolve the issue.
2024-06-22 15:56:05 0 [Warning] InnoDB: Ignoring tablespace for `mundo`.`hello` because it could not be opened.
2024-06-22 15:56:05 0 [Note] InnoDB: 128 out of 128 rollback segments are active.
2024-06-22 15:56:05 0 [Note] InnoDB: Removed temporary tablespace data file: "ibtmp1"
2024-06-22 15:56:05 0 [Note] InnoDB: Creating shared tablespace for temporary tables
2024-06-22 15:56:05 0 [Note] InnoDB: Setting file 'C:\xampp\mysql\data\ibtmp1' size to 12 MB. Physically writing the file full; Please wait ...
2024-06-22 15:56:05 0 [Note] InnoDB: File 'C:\xampp\mysql\data\ibtmp1' size is now 12 MB.
2024-06-22 15:56:05 0 [Note] InnoDB: Waiting for purge to start
2024-06-22 15:56:05 0 [Note] InnoDB: 10.4.28 started; log sequence number 714690; transaction id 7070
2024-06-22 15:56:05 0 [Note] InnoDB: Loading buffer pool(s) from C:\xampp\mysql\data\ib_buffer_pool
2024-06-22 15:56:05 0 [Note] Plugin 'FEEDBACK' is disabled.
2024-06-22 15:56:05 0 [ERROR] InnoDB: Page [page id: space=0, page number=243] log sequence number 1147552 is in the future! Current system log sequence number 714699.
2024-06-22 15:56:05 0 [ERROR] InnoDB: Your database may be corrupt or you may have copied the InnoDB tablespace but not the InnoDB log files. Please refer to https://mariadb.com/kb/en/library/innodb-recovery-modes/ for information about forcing recovery.
2024-06-22 15:56:05 0 [Note] Server socket created on IP: '::'.
